<?xml version="1.0" encoding="UTF-8"?>
<testsuite xmlns:xsi="http://www.w3.org/2001/XMLSchema-instance" xsi:noNamespaceSchemaLocation="https://maven.apache.org/surefire/maven-surefire-plugin/xsd/surefire-test-report.xsd" name="com.qf.j1902.mapper.TestUserInfo" time="9.244" tests="2" errors="0" skipped="0" failures="0">
  <properties>
[...]
</properties>
  <testcase name="queryRows" classname="com.qf.j1902.mapper.TestUserInfo" time="7.935"/>
  <testcase name="query" classname="com.qf.j1902.mapper.TestUserInfo" time="1.071"/>
</testsuite>